Reading netlist file: "C:\repositories\noise_cancelling\noise_cancelling\impl\gwsynthesis\noise_cancelling.vg"
Parsing netlist file "C:\repositories\noise_cancelling\noise_cancelling\impl\gwsynthesis\noise_cancelling.vg" completed
Processing netlist completed
Reading constraint file: "C:\repositories\noise_cancelling\noise_cancelling\src\noise_cancelling.cst"
Physical Constraint parsed completed
Running placement......
[10%] Placement Phase 0 completed
[20%] Placement Phase 1 completed
[30%] Placement Phase 2 completed
[50%] Placement Phase 3 completed
Running routing......
[60%] Routing Phase 0 completed
[70%] Routing Phase 1 completed
[80%] Routing Phase 2 completed
WARN  (PR1014) : Generic routing resource will be used to clock signal '\your_instance_name/jtag_TCK_d ' by the specified constraint. And then it may lead to the excessive delay or skew
[90%] Routing Phase 3 completed
Running timing analysis......
[95%] Timing analysis completed
Placement and routing completed
Bitstream generation in progress......
Bitstream generation completed
Running power analysis......
[100%] Power analysis completed
Generate file "C:\repositories\noise_cancelling\noise_cancelling\impl\pnr\noise_cancelling.power.html" completed
Generate file "C:\repositories\noise_cancelling\noise_cancelling\impl\pnr\noise_cancelling.pin.html" completed
Generate file "C:\repositories\noise_cancelling\noise_cancelling\impl\pnr\noise_cancelling.rpt.html" completed
Generate file "C:\repositories\noise_cancelling\noise_cancelling\impl\pnr\noise_cancelling.rpt.txt" completed
Generate file "C:\repositories\noise_cancelling\noise_cancelling\impl\pnr\noise_cancelling.tr.html" completed
Wed Oct  2 22:10:49 2024

